[	28-12-2019 15:25:39	] [KICK ACTION] Player: amosadra has kicked: manykrymy888 for: You have been kicked. Reason: bug.
[	28-12-2019 16:57:10	] [KICK ACTION] Player: amosadra has kicked: o.erfanidaniel for: You have been kicked. Reason: bug.
[	28-12-2019 18:20:37	] [KICK ACTION] Player: amosadra has kicked: Ma3ter107 for: You have been kicked. Reason: bug rejoin.
[	28-12-2019 18:53:04	] [KICK ACTION] Player: [I]nfinity has kicked: Ali.Mc for: You have been kicked. Reason: invis.
[	28-12-2019 20:21:52	] [KICK ACTION] Player: mohammad fa has kicked: mr.cristian1383 for: You have been kicked. Reason: rejoin plz.
[	28-12-2019 20:23:32	] [KICK ACTION] Player: mohammad fa has kicked: EnzO for: You have been kicked. Reason: rejoin plz.
[	28-12-2019 20:34:35	] [KICK ACTION] Player: [I]nfinity has kicked: amirhoseinwildark for: You have been kicked. Reason: invis.
[	28-12-2019 20:36:39	] [KICK ACTION] Player: [I]nfinity has kicked: taherimehrshad2016 for: You have been kicked. Reason: invis.
[	28-12-2019 20:41:58	] [KICK ACTION] Player: [I]nfinity has kicked: amirhoseinwildark for: You have been kicked. Reason: invis.
[	28-12-2019 21:07:08	] [KICK ACTION] Player: mohammad fa has kicked: arshianayebi2016 for: You have been kicked. Reason: rejoin plz.
[	28-12-2019 21:17:04	] [KICK ACTION] Player: [I]nfinity has kicked: arshianayebi2016 for: You have been kicked. Reason: invis.
[	27-08-2020 20:51:03	] [KICK ACTION] Player: ~g~ Hunter has kicked: MTN for: You have been kicked. Reason: rest.
[	27-08-2020 20:51:10	] [KICK ACTION] Player: ~g~ Hunter has kicked: farzadcaptain for: You have been kicked. Reason: rest.
[	27-08-2020 20:51:16	] [KICK ACTION] Player: ~g~ Hunter has kicked: $Mr.JOKER$ for: You have been kicked. Reason: rest.
[	27-08-2020 20:51:36	] [KICK ACTION] Player: ~g~ Hunter has kicked: Bryan Montana for: You have been kicked. Reason: rest.
[	27-08-2020 20:52:38	] [KICK ACTION] Player: Arian Proxy has kicked: ashkanderakhshan1384 for: You have been kicked. Reason: reset.
[	27-08-2020 20:53:51	] [KICK ACTION] Player: ~g~ Hunter has kicked: SS DM for: You have been kicked. Reason: :D.
[	27-08-2020 20:54:10	] [KICK ACTION] Player: ~g~ Hunter has kicked: RexOn for: You have been kicked. Reason: :D.
[	01-03-2021 09:39:05	] [BAN ACTION] A new ban record has been added. Player: 'w Darkuman' was banned by 'rEXYuNOS' for 'Banned by staff.' until '01/01/3000 00:00:00'.
[	01-03-2021 09:39:49	] [BAN ACTION] The following ban record has been removed (player unbanned). [Player: w Darkuman was banned by rEXYuNOS for Banned by staff. until 01/01/3000 00:00:00.]
[	01-03-2021 09:39:52	] [BAN ACTION] The following ban record has been removed (player unbanned). [Player: w Darkuman was banned by rEXYuNOS for Banned by staff. until 01/01/3000 00:00:00.]
[	01-03-2021 09:49:32	] [BAN ACTION] A new ban record has been added. Player: 'parsa' was banned by 'AliReza' for 'Banned by staff.' until '01/01/3000 00:00:00'.
[	01-03-2021 22:15:00	] [BAN ACTION] The following ban record has been removed (player unbanned). [Player: parsa was banned by AliReza for Banned by staff. until 01/01/3000 00:00:00.]
[	13-03-2021 06:49:06	] [KICK ACTION] Player: king.morteza has kicked: ELVIN for: You have been kicked. Reason: hi.
[	13-03-2021 07:02:03	] [KICK ACTION] Player: king.morteza has kicked: ELVIN for: You have been kicked. Reason: 1.
[	19-03-2021 07:59:35	] [BAN ACTION] A new ban record has been added. Player: 'armankhodayi89' was banned by 'Arash' for 'Banned by staff.' until '01/01/3000 00:00:00'.
[	20-03-2021 05:29:27	] [BAN ACTION] A new ban record has been added. Player: 'hexo' was banned by 'Arash' for 'Banned by staff.' until '01/01/3000 00:00:00'.
[	21-03-2021 13:00:45	] [BAN ACTION] A new ban record has been added. Player: 'Darkninja' was banned by 'Arash' for 'Banned by staff.' until '01/01/3000 00:00:00'.
[	21-03-2021 13:10:10	] [BAN ACTION] The following ban record has been removed (player unbanned). [Player: Darkninja was banned by Arash for Banned by staff. until 01/01/3000 00:00:00.]
[	22-03-2021 09:20:23	] [BAN ACTION] A new ban record has been added. Player: 'sh930888' was banned by 'king.morteza' for 'Banned by staff. khar kosde' until '04/21/2021 09:20:23'.
[	22-03-2021 09:29:48	] [BAN ACTION] A new ban record has been added. Player: '[unassigned]' was banned by 'Arash' for 'Banned by staff.' until '01/01/3000 00:00:00'.
